Flow report for imu
Tue Jul 07 16:21:23 2015
Quartus II 64-Bit Version 13.0.1 Build 232 06/12/2013 Service Pack 1 SJ Web Edition


---------------------
; Table of Contents ;
---------------------
  1. Legal Notice
  2. Flow Summary
  3. Flow Settings
  4. Flow Non-Default Global Settings
  5. Flow Elapsed Time
  6. Flow OS Summary
  7. Flow Log
  8. Flow Messages
  9. Flow Suppressed Messages



----------------
; Legal Notice ;
----------------
Copyright (C) 1991-2013 Altera Corporation
Your use of Altera Corporation's design tools, logic functions 
and other software and tools, and its AMPP partner logic 
functions, and any output files from any of the foregoing 
(including device programming or simulation files), and any 
associated documentation or information are expressly subject 
to the terms and conditions of the Altera Program License 
Subscription Agreement, Altera MegaCore Function License 
Agreement, or other applicable license agreement, including, 
without limitation, that your use is for the sole purpose of 
programming logic devices manufactured by Altera and sold by 
Altera or its authorized distributors.  Please refer to the 
applicable agreement for further details.



+--------------------------------------------------------------------------------------+
; Flow Summary                                                                         ;
+------------------------------------+-------------------------------------------------+
; Flow Status                        ; Successful - Tue Jul 07 16:21:02 2015           ;
; Quartus II 64-Bit Version          ; 13.0.1 Build 232 06/12/2013 SP 1 SJ Web Edition ;
; Revision Name                      ; imu                                             ;
; Top-level Entity Name              ; imu                                             ;
; Family                             ; Cyclone IV E                                    ;
; Device                             ; EP4CE115F29C7                                   ;
; Timing Models                      ; Final                                           ;
; Total logic elements               ; 3,918 / 114,480 ( 3 % )                         ;
;     Total combinational functions  ; 3,499 / 114,480 ( 3 % )                         ;
;     Dedicated logic registers      ; 2,494 / 114,480 ( 2 % )                         ;
; Total registers                    ; 2494                                            ;
; Total pins                         ; 15 / 529 ( 3 % )                                ;
; Total virtual pins                 ; 0                                               ;
; Total memory bits                  ; 384,448 / 3,981,312 ( 10 % )                    ;
; Embedded Multiplier 9-bit elements ; 4 / 532 ( < 1 % )                               ;
; Total PLLs                         ; 0 / 4 ( 0 % )                                   ;
+------------------------------------+-------------------------------------------------+


+-----------------------------------------+
; Flow Settings                           ;
+-------------------+---------------------+
; Option            ; Setting             ;
+-------------------+---------------------+
; Start date & time ; 07/07/2015 16:16:48 ;
; Main task         ; Compilation         ;
; Revision Name     ; imu                 ;
+-------------------+---------------------+


+----------------------------------------------------------------------------------------------------------------------------------------------------------------------------+
; Flow Non-Default Global Settings                                                                                                                                           ;
+-------------------------------------+-----------------------------------------------------------------+---------------+---------------------------------+------------------+
; Assignment Name                     ; Value                                                           ; Default Value ; Entity Name                     ; Section Id       ;
+-------------------------------------+-----------------------------------------------------------------+---------------+---------------------------------+------------------+
; COMPILER_SIGNATURE_ID               ; 26257339700.143626960812104                                     ; --            ; --                              ; --               ;
; ENABLE_SIGNALTAP                    ; On                                                              ; --            ; --                              ; --               ;
; IP_TOOL_ENV                         ; Qsys                                                            ; --            ; altera_avalon_sc_fifo           ; --               ;
; IP_TOOL_ENV                         ; Qsys                                                            ; --            ; altera_merlin_burst_adapter     ; --               ;
; IP_TOOL_ENV                         ; Qsys                                                            ; --            ; altera_merlin_master_agent      ; --               ;
; IP_TOOL_ENV                         ; Qsys                                                            ; --            ; altera_merlin_master_translator ; --               ;
; IP_TOOL_ENV                         ; Qsys                                                            ; --            ; altera_merlin_slave_agent       ; --               ;
; IP_TOOL_ENV                         ; Qsys                                                            ; --            ; altera_merlin_slave_translator  ; --               ;
; IP_TOOL_ENV                         ; Qsys                                                            ; --            ; altera_merlin_traffic_limiter   ; --               ;
; IP_TOOL_ENV                         ; Qsys                                                            ; --            ; altera_merlin_width_adapter     ; --               ;
; IP_TOOL_ENV                         ; Qsys                                                            ; --            ; altera_reset_controller         ; --               ;
; IP_TOOL_ENV                         ; Qsys                                                            ; --            ; nios                            ; --               ;
; IP_TOOL_ENV                         ; Qsys                                                            ; --            ; nios_addr_router                ; --               ;
; IP_TOOL_ENV                         ; Qsys                                                            ; --            ; nios_addr_router_001            ; --               ;
; IP_TOOL_ENV                         ; Qsys                                                            ; --            ; nios_cmd_xbar_demux             ; --               ;
; IP_TOOL_ENV                         ; Qsys                                                            ; --            ; nios_cmd_xbar_demux_001         ; --               ;
; IP_TOOL_ENV                         ; Qsys                                                            ; --            ; nios_cmd_xbar_mux               ; --               ;
; IP_TOOL_ENV                         ; Qsys                                                            ; --            ; nios_id_router                  ; --               ;
; IP_TOOL_ENV                         ; Qsys                                                            ; --            ; nios_id_router_002              ; --               ;
; IP_TOOL_ENV                         ; Qsys                                                            ; --            ; nios_id_router_005              ; --               ;
; IP_TOOL_ENV                         ; Qsys                                                            ; --            ; nios_irq_mapper                 ; --               ;
; IP_TOOL_ENV                         ; Qsys                                                            ; --            ; nios_jtag_uart_0                ; --               ;
; IP_TOOL_ENV                         ; Qsys                                                            ; --            ; nios_lcd_16207_0                ; --               ;
; IP_TOOL_ENV                         ; Qsys                                                            ; --            ; nios_nios2_qsys_0               ; --               ;
; IP_TOOL_ENV                         ; Qsys                                                            ; --            ; nios_onchip_memory2_0           ; --               ;
; IP_TOOL_ENV                         ; Qsys                                                            ; --            ; nios_rsp_xbar_demux             ; --               ;
; IP_TOOL_ENV                         ; Qsys                                                            ; --            ; nios_rsp_xbar_demux_002         ; --               ;
; IP_TOOL_ENV                         ; Qsys                                                            ; --            ; nios_rsp_xbar_mux               ; --               ;
; IP_TOOL_ENV                         ; Qsys                                                            ; --            ; nios_rsp_xbar_mux_001           ; --               ;
; IP_TOOL_ENV                         ; Qsys                                                            ; --            ; nios_sysid_qsys_0               ; --               ;
; IP_TOOL_NAME                        ; altera_avalon_sc_fifo                                           ; --            ; altera_avalon_sc_fifo           ; --               ;
; IP_TOOL_NAME                        ; altera_merlin_burst_adapter                                     ; --            ; altera_merlin_burst_adapter     ; --               ;
; IP_TOOL_NAME                        ; altera_merlin_master_agent                                      ; --            ; altera_merlin_master_agent      ; --               ;
; IP_TOOL_NAME                        ; altera_merlin_master_translator                                 ; --            ; altera_merlin_master_translator ; --               ;
; IP_TOOL_NAME                        ; altera_merlin_slave_agent                                       ; --            ; altera_merlin_slave_agent       ; --               ;
; IP_TOOL_NAME                        ; altera_merlin_slave_translator                                  ; --            ; altera_merlin_slave_translator  ; --               ;
; IP_TOOL_NAME                        ; altera_merlin_traffic_limiter                                   ; --            ; altera_merlin_traffic_limiter   ; --               ;
; IP_TOOL_NAME                        ; altera_merlin_width_adapter                                     ; --            ; altera_merlin_width_adapter     ; --               ;
; IP_TOOL_NAME                        ; altera_reset_controller                                         ; --            ; altera_reset_controller         ; --               ;
; IP_TOOL_NAME                        ; Qsys                                                            ; --            ; nios                            ; --               ;
; IP_TOOL_NAME                        ; altera_merlin_router                                            ; --            ; nios_addr_router                ; --               ;
; IP_TOOL_NAME                        ; altera_merlin_router                                            ; --            ; nios_addr_router_001            ; --               ;
; IP_TOOL_NAME                        ; altera_merlin_demultiplexer                                     ; --            ; nios_cmd_xbar_demux             ; --               ;
; IP_TOOL_NAME                        ; altera_merlin_demultiplexer                                     ; --            ; nios_cmd_xbar_demux_001         ; --               ;
; IP_TOOL_NAME                        ; altera_merlin_multiplexer                                       ; --            ; nios_cmd_xbar_mux               ; --               ;
; IP_TOOL_NAME                        ; altera_merlin_router                                            ; --            ; nios_id_router                  ; --               ;
; IP_TOOL_NAME                        ; altera_merlin_router                                            ; --            ; nios_id_router_002              ; --               ;
; IP_TOOL_NAME                        ; altera_merlin_router                                            ; --            ; nios_id_router_005              ; --               ;
; IP_TOOL_NAME                        ; altera_irq_mapper                                               ; --            ; nios_irq_mapper                 ; --               ;
; IP_TOOL_NAME                        ; altera_avalon_jtag_uart                                         ; --            ; nios_jtag_uart_0                ; --               ;
; IP_TOOL_NAME                        ; altera_avalon_lcd_16207                                         ; --            ; nios_lcd_16207_0                ; --               ;
; IP_TOOL_NAME                        ; altera_nios2_qsys                                               ; --            ; nios_nios2_qsys_0               ; --               ;
; IP_TOOL_NAME                        ; altera_avalon_onchip_memory2                                    ; --            ; nios_onchip_memory2_0           ; --               ;
; IP_TOOL_NAME                        ; altera_merlin_demultiplexer                                     ; --            ; nios_rsp_xbar_demux             ; --               ;
; IP_TOOL_NAME                        ; altera_merlin_demultiplexer                                     ; --            ; nios_rsp_xbar_demux_002         ; --               ;
; IP_TOOL_NAME                        ; altera_merlin_multiplexer                                       ; --            ; nios_rsp_xbar_mux               ; --               ;
; IP_TOOL_NAME                        ; altera_merlin_multiplexer                                       ; --            ; nios_rsp_xbar_mux_001           ; --               ;
; IP_TOOL_NAME                        ; altera_avalon_sysid_qsys                                        ; --            ; nios_sysid_qsys_0               ; --               ;
; IP_TOOL_VERSION                     ; 13.0                                                            ; --            ; altera_avalon_sc_fifo           ; --               ;
; IP_TOOL_VERSION                     ; 13.0                                                            ; --            ; altera_merlin_burst_adapter     ; --               ;
; IP_TOOL_VERSION                     ; 13.0                                                            ; --            ; altera_merlin_master_agent      ; --               ;
; IP_TOOL_VERSION                     ; 13.0                                                            ; --            ; altera_merlin_master_translator ; --               ;
; IP_TOOL_VERSION                     ; 13.0                                                            ; --            ; altera_merlin_slave_agent       ; --               ;
; IP_TOOL_VERSION                     ; 13.0                                                            ; --            ; altera_merlin_slave_translator  ; --               ;
; IP_TOOL_VERSION                     ; 13.0                                                            ; --            ; altera_merlin_traffic_limiter   ; --               ;
; IP_TOOL_VERSION                     ; 13.0                                                            ; --            ; altera_merlin_width_adapter     ; --               ;
; IP_TOOL_VERSION                     ; 13.0                                                            ; --            ; altera_reset_controller         ; --               ;
; IP_TOOL_VERSION                     ; 13.0sp1                                                         ; --            ; nios                            ; --               ;
; IP_TOOL_VERSION                     ; 13.0                                                            ; --            ; nios_addr_router                ; --               ;
; IP_TOOL_VERSION                     ; 13.0                                                            ; --            ; nios_addr_router_001            ; --               ;
; IP_TOOL_VERSION                     ; 13.0                                                            ; --            ; nios_cmd_xbar_demux             ; --               ;
; IP_TOOL_VERSION                     ; 13.0                                                            ; --            ; nios_cmd_xbar_demux_001         ; --               ;
; IP_TOOL_VERSION                     ; 13.0                                                            ; --            ; nios_cmd_xbar_mux               ; --               ;
; IP_TOOL_VERSION                     ; 13.0                                                            ; --            ; nios_id_router                  ; --               ;
; IP_TOOL_VERSION                     ; 13.0                                                            ; --            ; nios_id_router_002              ; --               ;
; IP_TOOL_VERSION                     ; 13.0                                                            ; --            ; nios_id_router_005              ; --               ;
; IP_TOOL_VERSION                     ; 13.0                                                            ; --            ; nios_irq_mapper                 ; --               ;
; IP_TOOL_VERSION                     ; 13.0.1.99.2                                                     ; --            ; nios_jtag_uart_0                ; --               ;
; IP_TOOL_VERSION                     ; 13.0.1.99.2                                                     ; --            ; nios_lcd_16207_0                ; --               ;
; IP_TOOL_VERSION                     ; 13.0                                                            ; --            ; nios_nios2_qsys_0               ; --               ;
; IP_TOOL_VERSION                     ; 13.0.1.99.2                                                     ; --            ; nios_onchip_memory2_0           ; --               ;
; IP_TOOL_VERSION                     ; 13.0                                                            ; --            ; nios_rsp_xbar_demux             ; --               ;
; IP_TOOL_VERSION                     ; 13.0                                                            ; --            ; nios_rsp_xbar_demux_002         ; --               ;
; IP_TOOL_VERSION                     ; 13.0                                                            ; --            ; nios_rsp_xbar_mux               ; --               ;
; IP_TOOL_VERSION                     ; 13.0                                                            ; --            ; nios_rsp_xbar_mux_001           ; --               ;
; IP_TOOL_VERSION                     ; 13.0                                                            ; --            ; nios_sysid_qsys_0               ; --               ;
; MAX_CORE_JUNCTION_TEMP              ; 85                                                              ; --            ; --                              ; --               ;
; MIN_CORE_JUNCTION_TEMP              ; 0                                                               ; --            ; --                              ; --               ;
; MISC_FILE                           ; nios/synthesis/../../nios.cmp                                   ; --            ; --                              ; --               ;
; MISC_FILE                           ; nios/synthesis/../../nios.qsys                                  ; --            ; --                              ; --               ;
; NOMINAL_CORE_SUPPLY_VOLTAGE         ; 1.2V                                                            ; --            ; --                              ; --               ;
; PARTITION_COLOR                     ; 16764057                                                        ; --            ; --                              ; Top              ;
; PARTITION_FITTER_PRESERVATION_LEVEL ; PLACEMENT_AND_ROUTING                                           ; --            ; --                              ; Top              ;
; PARTITION_NETLIST_TYPE              ; SOURCE                                                          ; --            ; --                              ; Top              ;
; PROJECT_OUTPUT_DIRECTORY            ; output_files                                                    ; --            ; --                              ; --               ;
; SLD_FILE                            ; C:/UT/UTbot/Projects/de2iic/output_files/stp1_auto_stripped.stp ; --            ; --                              ; --               ;
; SLD_INFO                            ; QSYS_NAME nios HAS_SOPCINFO 1 GENERATION_ID 1435585823          ; --            ; nios                            ; --               ;
; SLD_NODE_CREATOR_ID                 ; 110                                                             ; --            ; --                              ; auto_signaltap_0 ;
; SLD_NODE_ENTITY_NAME                ; sld_signaltap                                                   ; --            ; --                              ; auto_signaltap_0 ;
; SLD_NODE_PARAMETER_ASSIGNMENT       ; SLD_NODE_INFO=805334528                                         ; --            ; --                              ; auto_signaltap_0 ;
; SLD_NODE_PARAMETER_ASSIGNMENT       ; SLD_POWER_UP_TRIGGER=0                                          ; --            ; --                              ; auto_signaltap_0 ;
; SLD_NODE_PARAMETER_ASSIGNMENT       ; SLD_STORAGE_QUALIFIER_INVERSION_MASK_LENGTH=0                   ; --            ; --                              ; auto_signaltap_0 ;
; SLD_NODE_PARAMETER_ASSIGNMENT       ; SLD_ATTRIBUTE_MEM_MODE=OFF                                      ; --            ; --                              ; auto_signaltap_0 ;
; SLD_NODE_PARAMETER_ASSIGNMENT       ; SLD_STATE_FLOW_USE_GENERATED=0                                  ; --            ; --                              ; auto_signaltap_0 ;
; SLD_NODE_PARAMETER_ASSIGNMENT       ; SLD_STATE_BITS=11                                               ; --            ; --                              ; auto_signaltap_0 ;
; SLD_NODE_PARAMETER_ASSIGNMENT       ; SLD_BUFFER_FULL_STOP=1                                          ; --            ; --                              ; auto_signaltap_0 ;
; SLD_NODE_PARAMETER_ASSIGNMENT       ; SLD_CURRENT_RESOURCE_WIDTH=1                                    ; --            ; --                              ; auto_signaltap_0 ;
; SLD_NODE_PARAMETER_ASSIGNMENT       ; SLD_TRIGGER_LEVEL=1                                             ; --            ; --                              ; auto_signaltap_0 ;
; SLD_NODE_PARAMETER_ASSIGNMENT       ; SLD_TRIGGER_IN_ENABLED=0                                        ; --            ; --                              ; auto_signaltap_0 ;
; SLD_NODE_PARAMETER_ASSIGNMENT       ; SLD_TRIGGER_LEVEL_PIPELINE=1                                    ; --            ; --                              ; auto_signaltap_0 ;
; SLD_NODE_PARAMETER_ASSIGNMENT       ; SLD_DATA_BITS=2                                                 ; --            ; --                              ; auto_signaltap_0 ;
; SLD_NODE_PARAMETER_ASSIGNMENT       ; SLD_TRIGGER_BITS=2                                              ; --            ; --                              ; auto_signaltap_0 ;
; SLD_NODE_PARAMETER_ASSIGNMENT       ; SLD_NODE_CRC_LOWORD=21029                                       ; --            ; --                              ; auto_signaltap_0 ;
; SLD_NODE_PARAMETER_ASSIGNMENT       ; SLD_ADVANCED_TRIGGER_ENTITY=basic,1,                            ; --            ; --                              ; auto_signaltap_0 ;
; SLD_NODE_PARAMETER_ASSIGNMENT       ; SLD_ENABLE_ADVANCED_TRIGGER=0                                   ; --            ; --                              ; auto_signaltap_0 ;
; SLD_NODE_PARAMETER_ASSIGNMENT       ; SLD_INVERSION_MASK=00000000000000000000000000                   ; --            ; --                              ; auto_signaltap_0 ;
; SLD_NODE_PARAMETER_ASSIGNMENT       ; SLD_INVERSION_MASK_LENGTH=26                                    ; --            ; --                              ; auto_signaltap_0 ;
; SLD_NODE_PARAMETER_ASSIGNMENT       ; SLD_SEGMENT_SIZE=64                                             ; --            ; --                              ; auto_signaltap_0 ;
; SLD_NODE_PARAMETER_ASSIGNMENT       ; SLD_NODE_CRC_HIWORD=33548                                       ; --            ; --                              ; auto_signaltap_0 ;
; SLD_NODE_PARAMETER_ASSIGNMENT       ; SLD_SAMPLE_DEPTH=64                                             ; --            ; --                              ; auto_signaltap_0 ;
; SOPCINFO_FILE                       ; nios/synthesis/../../nios.sopcinfo                              ; --            ; --                              ; --               ;
; SYNTHESIS_ONLY_QIP                  ; On                                                              ; --            ; --                              ; --               ;
; USE_SIGNALTAP_FILE                  ; output_files/stp1.stp                                           ; --            ; --                              ; --               ;
+-------------------------------------+-----------------------------------------------------------------+---------------+---------------------------------+------------------+


+-------------------------------------------------------------------------------------------------------------------------------+
; Flow Elapsed Time                                                                                                             ;
+---------------------------+--------------+-------------------------+---------------------+------------------------------------+
; Module Name               ; Elapsed Time ; Average Processors Used ; Peak Virtual Memory ; Total CPU Time (on all processors) ;
+---------------------------+--------------+-------------------------+---------------------+------------------------------------+
; Analysis & Synthesis      ; 00:01:34     ; 1.0                     ; 638 MB              ; 00:01:17                           ;
; Fitter                    ; 00:01:58     ; 1.2                     ; 1101 MB             ; 00:02:18                           ;
; Assembler                 ; 00:00:22     ; 1.0                     ; 448 MB              ; 00:00:22                           ;
; TimeQuest Timing Analyzer ; 00:00:19     ; 1.1                     ; 605 MB              ; 00:00:19                           ;
; Total                     ; 00:04:13     ; --                      ; --                  ; 00:04:16                           ;
+---------------------------+--------------+-------------------------+---------------------+------------------------------------+


+----------------------------------------------------------------------------------------+
; Flow OS Summary                                                                        ;
+---------------------------+------------------+-----------+------------+----------------+
; Module Name               ; Machine Hostname ; OS Name   ; OS Version ; Processor type ;
+---------------------------+------------------+-----------+------------+----------------+
; Analysis & Synthesis      ; LABOOOOX-PC      ; Windows 7 ; 6.2        ; x86_64         ;
; Fitter                    ; LABOOOOX-PC      ; Windows 7 ; 6.2        ; x86_64         ;
; Assembler                 ; LABOOOOX-PC      ; Windows 7 ; 6.2        ; x86_64         ;
; TimeQuest Timing Analyzer ; LABOOOOX-PC      ; Windows 7 ; 6.2        ; x86_64         ;
+---------------------------+------------------+-----------+------------+----------------+


------------
; Flow Log ;
------------
quartus_map --read_settings_files=on --write_settings_files=off imu -c imu
quartus_fit --read_settings_files=off --write_settings_files=off imu -c imu
quartus_asm --read_settings_files=off --write_settings_files=off imu -c imu
quartus_sta imu -c imu



